{"/Users/mendozatovar/Documents/gitHubTatiana/fullstack web/nodejs/talentoTech/index.js": {"path":"/Users/mendozatovar/Documents/gitHubTatiana/fullstack web/nodejs/talentoTech/index.js","statementMap":{"0":{"start":{"line":1,"column":16},"end":{"line":1,"column":34}},"1":{"start":{"line":2,"column":12},"end":{"line":2,"column":21}},"2":{"start":{"line":3,"column":15},"end":{"line":3,"column":31}},"3":{"start":{"line":4,"column":13},"end":{"line":4,"column":17}},"4":{"start":{"line":6,"column":0},"end":{"line":6,"column":26}},"5":{"start":{"line":8,"column":15},"end":{"line":8,"column":35}},"6":{"start":{"line":9,"column":13},"end":{"line":9,"column":40}},"7":{"start":{"line":10,"column":11},"end":{"line":10,"column":23}},"8":{"start":{"line":12,"column":23},"end":{"line":12,"column":47}},"9":{"start":{"line":13,"column":15},"end":{"line":13,"column":42}},"10":{"start":{"line":16,"column":15},"end":{"line":16,"column":39}},"11":{"start":{"line":17,"column":17},"end":{"line":17,"column":36}},"12":{"start":{"line":18,"column":0},"end":{"line":18,"column":24}},"13":{"start":{"line":20,"column":19},"end":{"line":20,"column":49}},"14":{"start":{"line":21,"column":22},"end":{"line":21,"column":55}},"15":{"start":{"line":22,"column":22},"end":{"line":22,"column":55}},"16":{"start":{"line":24,"column":22},"end":{"line":24,"column":49}},"17":{"start":{"line":28,"column":0},"end":{"line":31,"column":2}},"18":{"start":{"line":30,"column":4},"end":{"line":30,"column":27}},"19":{"start":{"line":34,"column":0},"end":{"line":53,"column":2}},"20":{"start":{"line":35,"column":4},"end":{"line":35,"column":28}},"21":{"start":{"line":37,"column":4},"end":{"line":48,"column":6}},"22":{"start":{"line":39,"column":22},"end":{"line":39,"column":38}},"23":{"start":{"line":40,"column":8},"end":{"line":40,"column":28}},"24":{"start":{"line":42,"column":8},"end":{"line":47,"column":10}},"25":{"start":{"line":44,"column":12},"end":{"line":44,"column":61}},"26":{"start":{"line":46,"column":12},"end":{"line":46,"column":69}},"27":{"start":{"line":50,"column":4},"end":{"line":52,"column":6}},"28":{"start":{"line":51,"column":8},"end":{"line":51,"column":33}},"29":{"start":{"line":56,"column":0},"end":{"line":56,"column":45}},"30":{"start":{"line":57,"column":0},"end":{"line":57,"column":23}},"31":{"start":{"line":58,"column":0},"end":{"line":61,"column":2}},"32":{"start":{"line":59,"column":4},"end":{"line":59,"column":15}},"33":{"start":{"line":60,"column":4},"end":{"line":60,"column":10}},"34":{"start":{"line":63,"column":13},"end":{"line":63,"column":39}},"35":{"start":{"line":64,"column":0},"end":{"line":64,"column":26}},"36":{"start":{"line":67,"column":0},"end":{"line":67,"column":15}},"37":{"start":{"line":68,"column":0},"end":{"line":68,"column":57}},"38":{"start":{"line":69,"column":0},"end":{"line":69,"column":24}},"39":{"start":{"line":70,"column":0},"end":{"line":70,"column":63}},"40":{"start":{"line":71,"column":0},"end":{"line":71,"column":27}},"41":{"start":{"line":72,"column":0},"end":{"line":72,"column":27}},"42":{"start":{"line":73,"column":0},"end":{"line":75,"column":2}},"43":{"start":{"line":74,"column":4},"end":{"line":74,"column":36}},"44":{"start":{"line":77,"column":0},"end":{"line":77,"column":21}}},"fnMap":{"0":{"name":"(anonymous_0)","decl":{"start":{"line":28,"column":16},"end":{"line":28,"column":17}},"loc":{"start":{"line":28,"column":30},"end":{"line":31,"column":1}},"line":28},"1":{"name":"(anonymous_1)","decl":{"start":{"line":34,"column":17},"end":{"line":34,"column":18}},"loc":{"start":{"line":34,"column":29},"end":{"line":53,"column":1}},"line":34},"2":{"name":"(anonymous_2)","decl":{"start":{"line":37,"column":25},"end":{"line":37,"column":26}},"loc":{"start":{"line":37,"column":35},"end":{"line":48,"column":5}},"line":37},"3":{"name":"(anonymous_3)","decl":{"start":{"line":42,"column":43},"end":{"line":42,"column":44}},"loc":{"start":{"line":42,"column":55},"end":{"line":45,"column":9}},"line":42},"4":{"name":"(anonymous_4)","decl":{"start":{"line":45,"column":17},"end":{"line":45,"column":18}},"loc":{"start":{"line":45,"column":26},"end":{"line":47,"column":9}},"line":45},"5":{"name":"(anonymous_5)","decl":{"start":{"line":50,"column":28},"end":{"line":50,"column":29}},"loc":{"start":{"line":50,"column":40},"end":{"line":52,"column":5}},"line":50},"6":{"name":"(anonymous_6)","decl":{"start":{"line":58,"column":8},"end":{"line":58,"column":9}},"loc":{"start":{"line":58,"column":28},"end":{"line":61,"column":1}},"line":58},"7":{"name":"(anonymous_7)","decl":{"start":{"line":73,"column":18},"end":{"line":73,"column":19}},"loc":{"start":{"line":73,"column":24},"end":{"line":75,"column":1}},"line":73}},"branchMap":{"0":{"loc":{"start":{"line":16,"column":15},"end":{"line":16,"column":39}},"type":"binary-expr","locations":[{"start":{"line":16,"column":15},"end":{"line":16,"column":33}},{"start":{"line":16,"column":37},"end":{"line":16,"column":39}}],"line":16}},"s":{"0":1,"1":1,"2":1,"3":1,"4":1,"5":1,"6":1,"7":1,"8":1,"9":1,"10":1,"11":1,"12":1,"13":1,"14":1,"15":1,"16":1,"17":1,"18":0,"19":1,"20":0,"21":0,"22":0,"23":0,"24":0,"25":0,"26":0,"27":0,"28":0,"29":1,"30":1,"31":1,"32":2,"33":2,"34":1,"35":1,"36":1,"37":1,"38":1,"39":1,"40":1,"41":1,"42":1,"43":1,"44":1},"f":{"0":0,"1":0,"2":0,"3":0,"4":0,"5":0,"6":2,"7":1},"b":{"0":[1,0]},"_coverageSchema":"1a1c01bbd47fc00a2c39e90264f33305004495a9","hash":"38713359f967d631c5f3926764c201a1ef1f69ac"}
,"/Users/mendozatovar/Documents/gitHubTatiana/fullstack web/nodejs/talentoTech/controllers/UserController.js": {"path":"/Users/mendozatovar/Documents/gitHubTatiana/fullstack web/nodejs/talentoTech/controllers/UserController.js","statementMap":{"0":{"start":{"line":1,"column":15},"end":{"line":1,"column":32}},"1":{"start":{"line":2,"column":19},"end":{"line":2,"column":44}},"2":{"start":{"line":3,"column":12},"end":{"line":3,"column":35}},"3":{"start":{"line":4,"column":0},"end":{"line":4,"column":26}},"4":{"start":{"line":8,"column":20},"end":{"line":8,"column":66}},"5":{"start":{"line":11,"column":8},"end":{"line":31,"column":9}},"6":{"start":{"line":13,"column":25},"end":{"line":13,"column":60}},"7":{"start":{"line":14,"column":12},"end":{"line":16,"column":13}},"8":{"start":{"line":15,"column":16},"end":{"line":15,"column":79}},"9":{"start":{"line":19,"column":34},"end":{"line":19,"column":79}},"10":{"start":{"line":20,"column":12},"end":{"line":22,"column":13}},"11":{"start":{"line":21,"column":16},"end":{"line":21,"column":80}},"12":{"start":{"line":24,"column":26},"end":{"line":24,"column":107}},"13":{"start":{"line":26,"column":12},"end":{"line":26,"column":58}},"14":{"start":{"line":29,"column":12},"end":{"line":29,"column":30}},"15":{"start":{"line":30,"column":12},"end":{"line":30,"column":78}},"16":{"start":{"line":35,"column":28},"end":{"line":35,"column":56}},"17":{"start":{"line":36,"column":8},"end":{"line":38,"column":9}},"18":{"start":{"line":37,"column":12},"end":{"line":37,"column":77}},"19":{"start":{"line":40,"column":22},"end":{"line":40,"column":92}},"20":{"start":{"line":41,"column":8},"end":{"line":47,"column":10}},"21":{"start":{"line":42,"column":12},"end":{"line":44,"column":13}},"22":{"start":{"line":43,"column":16},"end":{"line":43,"column":77}},"23":{"start":{"line":45,"column":12},"end":{"line":45,"column":40}},"24":{"start":{"line":46,"column":12},"end":{"line":46,"column":19}},"25":{"start":{"line":52,"column":0},"end":{"line":52,"column":31}}},"fnMap":{"0":{"name":"(anonymous_0)","decl":{"start":{"line":8,"column":4},"end":{"line":8,"column":5}},"loc":{"start":{"line":8,"column":18},"end":{"line":8,"column":68}},"line":8},"1":{"name":"(anonymous_1)","decl":{"start":{"line":10,"column":4},"end":{"line":10,"column":5}},"loc":{"start":{"line":10,"column":33},"end":{"line":32,"column":5}},"line":10},"2":{"name":"(anonymous_2)","decl":{"start":{"line":34,"column":4},"end":{"line":34,"column":5}},"loc":{"start":{"line":34,"column":34},"end":{"line":48,"column":5}},"line":34},"3":{"name":"(anonymous_3)","decl":{"start":{"line":41,"column":37},"end":{"line":41,"column":38}},"loc":{"start":{"line":41,"column":55},"end":{"line":47,"column":9}},"line":41}},"branchMap":{"0":{"loc":{"start":{"line":8,"column":37},"end":{"line":8,"column":65}},"type":"binary-expr","locations":[{"start":{"line":8,"column":37},"end":{"line":8,"column":59}},{"start":{"line":8,"column":63},"end":{"line":8,"column":65}}],"line":8},"1":{"loc":{"start":{"line":14,"column":12},"end":{"line":16,"column":13}},"type":"if","locations":[{"start":{"line":14,"column":12},"end":{"line":16,"column":13}},{"start":{},"end":{}}],"line":14},"2":{"loc":{"start":{"line":20,"column":12},"end":{"line":22,"column":13}},"type":"if","locations":[{"start":{"line":20,"column":12},"end":{"line":22,"column":13}},{"start":{},"end":{}}],"line":20},"3":{"loc":{"start":{"line":36,"column":8},"end":{"line":38,"column":9}},"type":"if","locations":[{"start":{"line":36,"column":8},"end":{"line":38,"column":9}},{"start":{},"end":{}}],"line":36},"4":{"loc":{"start":{"line":40,"column":22},"end":{"line":40,"column":92}},"type":"cond-expr","locations":[{"start":{"line":40,"column":58},"end":{"line":40,"column":78}},{"start":{"line":40,"column":81},"end":{"line":40,"column":92}}],"line":40},"5":{"loc":{"start":{"line":42,"column":12},"end":{"line":44,"column":13}},"type":"if","locations":[{"start":{"line":42,"column":12},"end":{"line":44,"column":13}},{"start":{},"end":{}}],"line":42}},"s":{"0":1,"1":1,"2":1,"3":1,"4":1,"5":0,"6":0,"7":0,"8":0,"9":0,"10":0,"11":0,"12":0,"13":0,"14":0,"15":0,"16":0,"17":0,"18":0,"19":0,"20":0,"21":0,"22":0,"23":0,"24":0,"25":1},"f":{"0":1,"1":0,"2":0,"3":0},"b":{"0":[1,0],"1":[0,0],"2":[0,0],"3":[0,0],"4":[0,0],"5":[0,0]},"_coverageSchema":"1a1c01bbd47fc00a2c39e90264f33305004495a9","hash":"a0f9cc2f61902c106ba3d95fe82f440e4ab50e71"}
,"/Users/mendozatovar/Documents/gitHubTatiana/fullstack web/nodejs/talentoTech/graphql/resolvers.js": {"path":"/Users/mendozatovar/Documents/gitHubTatiana/fullstack web/nodejs/talentoTech/graphql/resolvers.js","statementMap":{"0":{"start":{"line":1,"column":19},"end":{"line":1,"column":44}},"1":{"start":{"line":2,"column":22},"end":{"line":2,"column":50}},"2":{"start":{"line":3,"column":22},"end":{"line":3,"column":50}},"3":{"start":{"line":5,"column":18},"end":{"line":183,"column":1}},"4":{"start":{"line":7,"column":8},"end":{"line":7,"column":30}},"5":{"start":{"line":11,"column":8},"end":{"line":16,"column":9}},"6":{"start":{"line":12,"column":12},"end":{"line":12,"column":56}},"7":{"start":{"line":15,"column":12},"end":{"line":15,"column":26}},"8":{"start":{"line":19,"column":8},"end":{"line":24,"column":9}},"9":{"start":{"line":20,"column":12},"end":{"line":20,"column":43}},"10":{"start":{"line":23,"column":12},"end":{"line":23,"column":26}},"11":{"start":{"line":27,"column":8},"end":{"line":44,"column":9}},"12":{"start":{"line":28,"column":24},"end":{"line":28,"column":26}},"13":{"start":{"line":29,"column":12},"end":{"line":41,"column":9}},"14":{"start":{"line":30,"column":12},"end":{"line":32,"column":13}},"15":{"start":{"line":31,"column":16},"end":{"line":31,"column":65}},"16":{"start":{"line":33,"column":12},"end":{"line":35,"column":13}},"17":{"start":{"line":34,"column":16},"end":{"line":34,"column":67}},"18":{"start":{"line":36,"column":12},"end":{"line":38,"column":13}},"19":{"start":{"line":37,"column":16},"end":{"line":37,"column":73}},"20":{"start":{"line":39,"column":26},"end":{"line":39,"column":54}},"21":{"start":{"line":40,"column":12},"end":{"line":40,"column":25}},"22":{"start":{"line":43,"column":12},"end":{"line":43,"column":65}},"23":{"start":{"line":48,"column":8},"end":{"line":59,"column":9}},"24":{"start":{"line":49,"column":12},"end":{"line":56,"column":19}},"25":{"start":{"line":58,"column":12},"end":{"line":58,"column":26}},"26":{"start":{"line":62,"column":8},"end":{"line":74,"column":9}},"27":{"start":{"line":63,"column":12},"end":{"line":70,"column":19}},"28":{"start":{"line":73,"column":12},"end":{"line":73,"column":26}},"29":{"start":{"line":77,"column":4},"end":{"line":98,"column":5}},"30":{"start":{"line":78,"column":20},"end":{"line":78,"column":22}},"31":{"start":{"line":79,"column":8},"end":{"line":95,"column":5}},"32":{"start":{"line":80,"column":8},"end":{"line":82,"column":9}},"33":{"start":{"line":81,"column":12},"end":{"line":81,"column":39}},"34":{"start":{"line":83,"column":8},"end":{"line":85,"column":9}},"35":{"start":{"line":84,"column":12},"end":{"line":84,"column":35}},"36":{"start":{"line":86,"column":8},"end":{"line":88,"column":9}},"37":{"start":{"line":87,"column":12},"end":{"line":87,"column":61}},"38":{"start":{"line":89,"column":25},"end":{"line":93,"column":10}},"39":{"start":{"line":94,"column":8},"end":{"line":94,"column":24}},"40":{"start":{"line":97,"column":8},"end":{"line":97,"column":62}},"41":{"start":{"line":103,"column":4},"end":{"line":122,"column":5}},"42":{"start":{"line":104,"column":21},"end":{"line":104,"column":54}},"43":{"start":{"line":106,"column":8},"end":{"line":108,"column":9}},"44":{"start":{"line":107,"column":12},"end":{"line":107,"column":53}},"45":{"start":{"line":110,"column":25},"end":{"line":112,"column":23}},"46":{"start":{"line":114,"column":8},"end":{"line":116,"column":9}},"47":{"start":{"line":115,"column":12},"end":{"line":115,"column":50}},"48":{"start":{"line":118,"column":8},"end":{"line":118,"column":24}},"49":{"start":{"line":120,"column":8},"end":{"line":120,"column":70}},"50":{"start":{"line":121,"column":8},"end":{"line":121,"column":20}},"51":{"start":{"line":126,"column":4},"end":{"line":131,"column":5}},"52":{"start":{"line":127,"column":8},"end":{"line":127,"column":65}},"53":{"start":{"line":130,"column":8},"end":{"line":130,"column":22}},"54":{"start":{"line":134,"column":4},"end":{"line":139,"column":5}},"55":{"start":{"line":135,"column":8},"end":{"line":135,"column":42}},"56":{"start":{"line":138,"column":8},"end":{"line":138,"column":22}},"57":{"start":{"line":142,"column":4},"end":{"line":180,"column":5}},"58":{"start":{"line":143,"column":20},"end":{"line":143,"column":22}},"59":{"start":{"line":144,"column":8},"end":{"line":177,"column":5}},"60":{"start":{"line":145,"column":8},"end":{"line":147,"column":9}},"61":{"start":{"line":146,"column":12},"end":{"line":146,"column":61}},"62":{"start":{"line":148,"column":8},"end":{"line":150,"column":9}},"63":{"start":{"line":149,"column":12},"end":{"line":149,"column":63}},"64":{"start":{"line":151,"column":8},"end":{"line":153,"column":9}},"65":{"start":{"line":152,"column":12},"end":{"line":152,"column":61}},"66":{"start":{"line":154,"column":8},"end":{"line":156,"column":9}},"67":{"start":{"line":155,"column":12},"end":{"line":155,"column":67}},"68":{"start":{"line":157,"column":8},"end":{"line":159,"column":9}},"69":{"start":{"line":158,"column":12},"end":{"line":158,"column":69}},"70":{"start":{"line":160,"column":8},"end":{"line":162,"column":9}},"71":{"start":{"line":161,"column":12},"end":{"line":161,"column":63}},"72":{"start":{"line":163,"column":8},"end":{"line":165,"column":9}},"73":{"start":{"line":164,"column":12},"end":{"line":164,"column":61}},"74":{"start":{"line":166,"column":8},"end":{"line":168,"column":9}},"75":{"start":{"line":167,"column":12},"end":{"line":167,"column":63}},"76":{"start":{"line":169,"column":8},"end":{"line":171,"column":9}},"77":{"start":{"line":170,"column":12},"end":{"line":170,"column":71}},"78":{"start":{"line":172,"column":8},"end":{"line":174,"column":9}},"79":{"start":{"line":173,"column":12},"end":{"line":173,"column":67}},"80":{"start":{"line":175,"column":24},"end":{"line":175,"column":55}},"81":{"start":{"line":176,"column":8},"end":{"line":176,"column":23}},"82":{"start":{"line":179,"column":8},"end":{"line":179,"column":65}},"83":{"start":{"line":186,"column":0},"end":{"line":186,"column":26}}},"fnMap":{"0":{"name":"(anonymous_0)","decl":{"start":{"line":6,"column":11},"end":{"line":6,"column":12}},"loc":{"start":{"line":6,"column":17},"end":{"line":9,"column":5}},"line":6},"1":{"name":"(anonymous_1)","decl":{"start":{"line":10,"column":10},"end":{"line":10,"column":11}},"loc":{"start":{"line":10,"column":28},"end":{"line":17,"column":5}},"line":10},"2":{"name":"(anonymous_2)","decl":{"start":{"line":18,"column":11},"end":{"line":18,"column":12}},"loc":{"start":{"line":18,"column":22},"end":{"line":25,"column":5}},"line":18},"3":{"name":"(anonymous_3)","decl":{"start":{"line":26,"column":19},"end":{"line":26,"column":20}},"loc":{"start":{"line":26,"column":41},"end":{"line":45,"column":5}},"line":26},"4":{"name":"(anonymous_4)","decl":{"start":{"line":47,"column":13},"end":{"line":47,"column":14}},"loc":{"start":{"line":47,"column":34},"end":{"line":60,"column":5}},"line":47},"5":{"name":"(anonymous_5)","decl":{"start":{"line":61,"column":14},"end":{"line":61,"column":15}},"loc":{"start":{"line":61,"column":26},"end":{"line":75,"column":5}},"line":61},"6":{"name":"(anonymous_6)","decl":{"start":{"line":76,"column":18},"end":{"line":76,"column":19}},"loc":{"start":{"line":76,"column":41},"end":{"line":100,"column":1}},"line":76},"7":{"name":"(anonymous_7)","decl":{"start":{"line":102,"column":16},"end":{"line":102,"column":17}},"loc":{"start":{"line":102,"column":40},"end":{"line":123,"column":1}},"line":102},"8":{"name":"(anonymous_8)","decl":{"start":{"line":125,"column":7},"end":{"line":125,"column":8}},"loc":{"start":{"line":125,"column":27},"end":{"line":132,"column":1}},"line":125},"9":{"name":"(anonymous_9)","decl":{"start":{"line":133,"column":9},"end":{"line":133,"column":10}},"loc":{"start":{"line":133,"column":20},"end":{"line":140,"column":1}},"line":133},"10":{"name":"(anonymous_10)","decl":{"start":{"line":141,"column":17},"end":{"line":141,"column":18}},"loc":{"start":{"line":141,"column":39},"end":{"line":181,"column":1}},"line":141}},"branchMap":{"0":{"loc":{"start":{"line":29,"column":12},"end":{"line":41,"column":9}},"type":"if","locations":[{"start":{"line":29,"column":12},"end":{"line":41,"column":9}},{"start":{},"end":{}}],"line":29},"1":{"loc":{"start":{"line":30,"column":12},"end":{"line":32,"column":13}},"type":"if","locations":[{"start":{"line":30,"column":12},"end":{"line":32,"column":13}},{"start":{},"end":{}}],"line":30},"2":{"loc":{"start":{"line":33,"column":12},"end":{"line":35,"column":13}},"type":"if","locations":[{"start":{"line":33,"column":12},"end":{"line":35,"column":13}},{"start":{},"end":{}}],"line":33},"3":{"loc":{"start":{"line":36,"column":12},"end":{"line":38,"column":13}},"type":"if","locations":[{"start":{"line":36,"column":12},"end":{"line":38,"column":13}},{"start":{},"end":{}}],"line":36},"4":{"loc":{"start":{"line":79,"column":8},"end":{"line":95,"column":5}},"type":"if","locations":[{"start":{"line":79,"column":8},"end":{"line":95,"column":5}},{"start":{},"end":{}}],"line":79},"5":{"loc":{"start":{"line":80,"column":8},"end":{"line":82,"column":9}},"type":"if","locations":[{"start":{"line":80,"column":8},"end":{"line":82,"column":9}},{"start":{},"end":{}}],"line":80},"6":{"loc":{"start":{"line":83,"column":8},"end":{"line":85,"column":9}},"type":"if","locations":[{"start":{"line":83,"column":8},"end":{"line":85,"column":9}},{"start":{},"end":{}}],"line":83},"7":{"loc":{"start":{"line":86,"column":8},"end":{"line":88,"column":9}},"type":"if","locations":[{"start":{"line":86,"column":8},"end":{"line":88,"column":9}},{"start":{},"end":{}}],"line":86},"8":{"loc":{"start":{"line":106,"column":8},"end":{"line":108,"column":9}},"type":"if","locations":[{"start":{"line":106,"column":8},"end":{"line":108,"column":9}},{"start":{},"end":{}}],"line":106},"9":{"loc":{"start":{"line":114,"column":8},"end":{"line":116,"column":9}},"type":"if","locations":[{"start":{"line":114,"column":8},"end":{"line":116,"column":9}},{"start":{},"end":{}}],"line":114},"10":{"loc":{"start":{"line":144,"column":8},"end":{"line":177,"column":5}},"type":"if","locations":[{"start":{"line":144,"column":8},"end":{"line":177,"column":5}},{"start":{},"end":{}}],"line":144},"11":{"loc":{"start":{"line":145,"column":8},"end":{"line":147,"column":9}},"type":"if","locations":[{"start":{"line":145,"column":8},"end":{"line":147,"column":9}},{"start":{},"end":{}}],"line":145},"12":{"loc":{"start":{"line":148,"column":8},"end":{"line":150,"column":9}},"type":"if","locations":[{"start":{"line":148,"column":8},"end":{"line":150,"column":9}},{"start":{},"end":{}}],"line":148},"13":{"loc":{"start":{"line":151,"column":8},"end":{"line":153,"column":9}},"type":"if","locations":[{"start":{"line":151,"column":8},"end":{"line":153,"column":9}},{"start":{},"end":{}}],"line":151},"14":{"loc":{"start":{"line":154,"column":8},"end":{"line":156,"column":9}},"type":"if","locations":[{"start":{"line":154,"column":8},"end":{"line":156,"column":9}},{"start":{},"end":{}}],"line":154},"15":{"loc":{"start":{"line":157,"column":8},"end":{"line":159,"column":9}},"type":"if","locations":[{"start":{"line":157,"column":8},"end":{"line":159,"column":9}},{"start":{},"end":{}}],"line":157},"16":{"loc":{"start":{"line":160,"column":8},"end":{"line":162,"column":9}},"type":"if","locations":[{"start":{"line":160,"column":8},"end":{"line":162,"column":9}},{"start":{},"end":{}}],"line":160},"17":{"loc":{"start":{"line":163,"column":8},"end":{"line":165,"column":9}},"type":"if","locations":[{"start":{"line":163,"column":8},"end":{"line":165,"column":9}},{"start":{},"end":{}}],"line":163},"18":{"loc":{"start":{"line":166,"column":8},"end":{"line":168,"column":9}},"type":"if","locations":[{"start":{"line":166,"column":8},"end":{"line":168,"column":9}},{"start":{},"end":{}}],"line":166},"19":{"loc":{"start":{"line":169,"column":8},"end":{"line":171,"column":9}},"type":"if","locations":[{"start":{"line":169,"column":8},"end":{"line":171,"column":9}},{"start":{},"end":{}}],"line":169},"20":{"loc":{"start":{"line":172,"column":8},"end":{"line":174,"column":9}},"type":"if","locations":[{"start":{"line":172,"column":8},"end":{"line":174,"column":9}},{"start":{},"end":{}}],"line":172}},"s":{"0":1,"1":1,"2":1,"3":1,"4":0,"5":0,"6":0,"7":0,"8":0,"9":0,"10":0,"11":0,"12":0,"13":0,"14":0,"15":0,"16":0,"17":0,"18":0,"19":0,"20":0,"21":0,"22":0,"23":0,"24":0,"25":0,"26":0,"27":0,"28":0,"29":0,"30":0,"31":0,"32":0,"33":0,"34":0,"35":0,"36":0,"37":0,"38":0,"39":0,"40":0,"41":0,"42":0,"43":0,"44":0,"45":0,"46":0,"47":0,"48":0,"49":0,"50":0,"51":0,"52":0,"53":0,"54":0,"55":0,"56":0,"57":0,"58":0,"59":0,"60":0,"61":0,"62":0,"63":0,"64":0,"65":0,"66":0,"67":0,"68":0,"69":0,"70":0,"71":0,"72":0,"73":0,"74":0,"75":0,"76":0,"77":0,"78":0,"79":0,"80":0,"81":0,"82":0,"83":1},"f":{"0":0,"1":0,"2":0,"3":0,"4":0,"5":0,"6":0,"7":0,"8":0,"9":0,"10":0},"b":{"0":[0,0],"1":[0,0],"2":[0,0],"3":[0,0],"4":[0,0],"5":[0,0],"6":[0,0],"7":[0,0],"8":[0,0],"9":[0,0],"10":[0,0],"11":[0,0],"12":[0,0],"13":[0,0],"14":[0,0],"15":[0,0],"16":[0,0],"17":[0,0],"18":[0,0],"19":[0,0],"20":[0,0]},"_coverageSchema":"1a1c01bbd47fc00a2c39e90264f33305004495a9","hash":"0528d1274d003804bb6e687a848b4b0ec65d0fd6"}
,"/Users/mendozatovar/Documents/gitHubTatiana/fullstack web/nodejs/talentoTech/graphql/schema.js": {"path":"/Users/mendozatovar/Documents/gitHubTatiana/fullstack web/nodejs/talentoTech/graphql/schema.js","statementMap":{"0":{"start":{"line":9,"column":22},"end":{"line":9,"column":40}},"1":{"start":{"line":11,"column":18},"end":{"line":11,"column":40}},"2":{"start":{"line":13,"column":13},"end":{"line":22,"column":2}},"3":{"start":{"line":24,"column":16},"end":{"line":33,"column":4}},"4":{"start":{"line":36,"column":16},"end":{"line":52,"column":2}},"5":{"start":{"line":53,"column":24},"end":{"line":62,"column":2}},"6":{"start":{"line":64,"column":27},"end":{"line":71,"column":4}},"7":{"start":{"line":73,"column":27},"end":{"line":88,"column":2}},"8":{"start":{"line":89,"column":18},"end":{"line":162,"column":2}},"9":{"start":{"line":91,"column":19},"end":{"line":161,"column":5}},"10":{"start":{"line":164,"column":15},"end":{"line":166,"column":2}},"11":{"start":{"line":168,"column":0},"end":{"line":168,"column":23}}},"fnMap":{"0":{"name":"(anonymous_0)","decl":{"start":{"line":91,"column":12},"end":{"line":91,"column":13}},"loc":{"start":{"line":91,"column":19},"end":{"line":161,"column":5}},"line":91}},"branchMap":{},"s":{"0":1,"1":1,"2":1,"3":1,"4":1,"5":1,"6":1,"7":1,"8":1,"9":1,"10":1,"11":1},"f":{"0":1},"b":{},"_coverageSchema":"1a1c01bbd47fc00a2c39e90264f33305004495a9","hash":"1090eed5f6087d998c7bf3255e89f5b180c5cce0"}
,"/Users/mendozatovar/Documents/gitHubTatiana/fullstack web/nodejs/talentoTech/models/Housing.js": {"path":"/Users/mendozatovar/Documents/gitHubTatiana/fullstack web/nodejs/talentoTech/models/Housing.js","statementMap":{"0":{"start":{"line":1,"column":17},"end":{"line":1,"column":36}},"1":{"start":{"line":4,"column":22},"end":{"line":90,"column":2}},"2":{"start":{"line":15,"column":16},"end":{"line":15,"column":81}},"3":{"start":{"line":17,"column":30},"end":{"line":17,"column":80}},"4":{"start":{"line":26,"column":31},"end":{"line":26,"column":88}},"5":{"start":{"line":27,"column":34},"end":{"line":27,"column":55}},"6":{"start":{"line":28,"column":16},"end":{"line":28,"column":115}},"7":{"start":{"line":28,"column":54},"end":{"line":28,"column":113}},"8":{"start":{"line":30,"column":30},"end":{"line":30,"column":81}},"9":{"start":{"line":40,"column":31},"end":{"line":40,"column":88}},"10":{"start":{"line":41,"column":29},"end":{"line":41,"column":50}},"11":{"start":{"line":42,"column":16},"end":{"line":42,"column":101}},"12":{"start":{"line":42,"column":45},"end":{"line":42,"column":99}},"13":{"start":{"line":44,"column":30},"end":{"line":44,"column":76}},"14":{"start":{"line":60,"column":16},"end":{"line":60,"column":127}},"15":{"start":{"line":62,"column":30},"end":{"line":62,"column":70}},"16":{"start":{"line":85,"column":16},"end":{"line":85,"column":60}},"17":{"start":{"line":87,"column":30},"end":{"line":87,"column":81}},"18":{"start":{"line":91,"column":0},"end":{"line":96,"column":3}},"19":{"start":{"line":92,"column":4},"end":{"line":94,"column":5}},"20":{"start":{"line":93,"column":8},"end":{"line":93,"column":55}},"21":{"start":{"line":95,"column":4},"end":{"line":95,"column":11}},"22":{"start":{"line":99,"column":0},"end":{"line":99,"column":58}}},"fnMap":{"0":{"name":"(anonymous_0)","decl":{"start":{"line":14,"column":23},"end":{"line":14,"column":24}},"loc":{"start":{"line":14,"column":39},"end":{"line":16,"column":13}},"line":14},"1":{"name":"(anonymous_1)","decl":{"start":{"line":17,"column":21},"end":{"line":17,"column":22}},"loc":{"start":{"line":17,"column":30},"end":{"line":17,"column":80}},"line":17},"2":{"name":"(anonymous_2)","decl":{"start":{"line":24,"column":23},"end":{"line":24,"column":24}},"loc":{"start":{"line":24,"column":46},"end":{"line":29,"column":13}},"line":24},"3":{"name":"(anonymous_3)","decl":{"start":{"line":28,"column":40},"end":{"line":28,"column":41}},"loc":{"start":{"line":28,"column":54},"end":{"line":28,"column":113}},"line":28},"4":{"name":"(anonymous_4)","decl":{"start":{"line":30,"column":21},"end":{"line":30,"column":22}},"loc":{"start":{"line":30,"column":30},"end":{"line":30,"column":81}},"line":30},"5":{"name":"(anonymous_5)","decl":{"start":{"line":38,"column":23},"end":{"line":38,"column":24}},"loc":{"start":{"line":38,"column":45},"end":{"line":43,"column":13}},"line":38},"6":{"name":"(anonymous_6)","decl":{"start":{"line":42,"column":35},"end":{"line":42,"column":36}},"loc":{"start":{"line":42,"column":45},"end":{"line":42,"column":99}},"line":42},"7":{"name":"(anonymous_7)","decl":{"start":{"line":44,"column":21},"end":{"line":44,"column":22}},"loc":{"start":{"line":44,"column":30},"end":{"line":44,"column":76}},"line":44},"8":{"name":"(anonymous_8)","decl":{"start":{"line":59,"column":23},"end":{"line":59,"column":24}},"loc":{"start":{"line":59,"column":40},"end":{"line":61,"column":13}},"line":59},"9":{"name":"(anonymous_9)","decl":{"start":{"line":62,"column":21},"end":{"line":62,"column":22}},"loc":{"start":{"line":62,"column":30},"end":{"line":62,"column":70}},"line":62},"10":{"name":"(anonymous_10)","decl":{"start":{"line":84,"column":23},"end":{"line":84,"column":24}},"loc":{"start":{"line":84,"column":40},"end":{"line":86,"column":13}},"line":84},"11":{"name":"(anonymous_11)","decl":{"start":{"line":87,"column":21},"end":{"line":87,"column":22}},"loc":{"start":{"line":87,"column":30},"end":{"line":87,"column":81}},"line":87},"12":{"name":"(anonymous_12)","decl":{"start":{"line":91,"column":26},"end":{"line":91,"column":27}},"loc":{"start":{"line":91,"column":42},"end":{"line":96,"column":1}},"line":91}},"branchMap":{"0":{"loc":{"start":{"line":92,"column":4},"end":{"line":94,"column":5}},"type":"if","locations":[{"start":{"line":92,"column":4},"end":{"line":94,"column":5}},{"start":{},"end":{}}],"line":92}},"s":{"0":1,"1":1,"2":0,"3":0,"4":0,"5":0,"6":0,"7":0,"8":0,"9":0,"10":0,"11":0,"12":0,"13":0,"14":0,"15":0,"16":0,"17":0,"18":1,"19":0,"20":0,"21":0,"22":1},"f":{"0":0,"1":0,"2":0,"3":0,"4":0,"5":0,"6":0,"7":0,"8":0,"9":0,"10":0,"11":0,"12":0},"b":{"0":[0,0]},"_coverageSchema":"1a1c01bbd47fc00a2c39e90264f33305004495a9","hash":"d283a4a14f5155b33b97970182d28398ab6cf19e"}
,"/Users/mendozatovar/Documents/gitHubTatiana/fullstack web/nodejs/talentoTech/models/Message.js": {"path":"/Users/mendozatovar/Documents/gitHubTatiana/fullstack web/nodejs/talentoTech/models/Message.js","statementMap":{"0":{"start":{"line":1,"column":17},"end":{"line":1,"column":36}},"1":{"start":{"line":3,"column":22},"end":{"line":24,"column":2}},"2":{"start":{"line":26,"column":0},"end":{"line":26,"column":57}}},"fnMap":{},"branchMap":{},"s":{"0":1,"1":1,"2":1},"f":{},"b":{},"_coverageSchema":"1a1c01bbd47fc00a2c39e90264f33305004495a9","hash":"2b2a52430c2cc3f20789e4a3cf7f2fd4443c668f"}
,"/Users/mendozatovar/Documents/gitHubTatiana/fullstack web/nodejs/talentoTech/models/User.js": {"path":"/Users/mendozatovar/Documents/gitHubTatiana/fullstack web/nodejs/talentoTech/models/User.js","statementMap":{"0":{"start":{"line":1,"column":17},"end":{"line":1,"column":36}},"1":{"start":{"line":4,"column":19},"end":{"line":44,"column":2}},"2":{"start":{"line":16,"column":8},"end":{"line":16,"column":51}},"3":{"start":{"line":18,"column":24},"end":{"line":18,"column":64}},"4":{"start":{"line":32,"column":8},"end":{"line":32,"column":56}},"5":{"start":{"line":34,"column":24},"end":{"line":34,"column":76}},"6":{"start":{"line":46,"column":0},"end":{"line":46,"column":51}}},"fnMap":{"0":{"name":"(anonymous_0)","decl":{"start":{"line":14,"column":17},"end":{"line":14,"column":18}},"loc":{"start":{"line":14,"column":33},"end":{"line":17,"column":7}},"line":14},"1":{"name":"(anonymous_1)","decl":{"start":{"line":18,"column":15},"end":{"line":18,"column":16}},"loc":{"start":{"line":18,"column":24},"end":{"line":18,"column":64}},"line":18},"2":{"name":"(anonymous_2)","decl":{"start":{"line":30,"column":17},"end":{"line":30,"column":18}},"loc":{"start":{"line":30,"column":34},"end":{"line":33,"column":7}},"line":30},"3":{"name":"(anonymous_3)","decl":{"start":{"line":34,"column":15},"end":{"line":34,"column":16}},"loc":{"start":{"line":34,"column":24},"end":{"line":34,"column":76}},"line":34}},"branchMap":{},"s":{"0":1,"1":1,"2":1,"3":0,"4":1,"5":0,"6":1},"f":{"0":1,"1":0,"2":1,"3":0},"b":{},"_coverageSchema":"1a1c01bbd47fc00a2c39e90264f33305004495a9","hash":"03d8a024a7e268ad46d4836b326e7f9667557603"}
,"/Users/mendozatovar/Documents/gitHubTatiana/fullstack web/nodejs/talentoTech/routes/HousingRoutes.js": {"path":"/Users/mendozatovar/Documents/gitHubTatiana/fullstack web/nodejs/talentoTech/routes/HousingRoutes.js","statementMap":{"0":{"start":{"line":4,"column":16},"end":{"line":4,"column":34}},"1":{"start":{"line":5,"column":15},"end":{"line":5,"column":31}},"2":{"start":{"line":6,"column":22},"end":{"line":6,"column":50}},"3":{"start":{"line":7,"column":15},"end":{"line":7,"column":32}},"4":{"start":{"line":11,"column":0},"end":{"line":18,"column":2}},"5":{"start":{"line":13,"column":4},"end":{"line":17,"column":6}},"6":{"start":{"line":14,"column":8},"end":{"line":14,"column":25}},"7":{"start":{"line":16,"column":8},"end":{"line":16,"column":63}},"8":{"start":{"line":20,"column":0},"end":{"line":29,"column":2}},"9":{"start":{"line":22,"column":15},"end":{"line":22,"column":30}},"10":{"start":{"line":24,"column":4},"end":{"line":28,"column":6}},"11":{"start":{"line":25,"column":8},"end":{"line":25,"column":25}},"12":{"start":{"line":27,"column":8},"end":{"line":27,"column":63}},"13":{"start":{"line":31,"column":0},"end":{"line":58,"column":3}},"14":{"start":{"line":33,"column":4},"end":{"line":57,"column":1}},"15":{"start":{"line":34,"column":18},"end":{"line":47,"column":6}},"16":{"start":{"line":48,"column":4},"end":{"line":48,"column":25}},"17":{"start":{"line":49,"column":4},"end":{"line":49,"column":34}},"18":{"start":{"line":51,"column":4},"end":{"line":56,"column":5}},"19":{"start":{"line":53,"column":8},"end":{"line":53,"column":103}},"20":{"start":{"line":55,"column":8},"end":{"line":55,"column":83}},"21":{"start":{"line":60,"column":0},"end":{"line":84,"column":2}},"22":{"start":{"line":63,"column":15},"end":{"line":63,"column":30}},"23":{"start":{"line":65,"column":24},"end":{"line":77,"column":5}},"24":{"start":{"line":78,"column":4},"end":{"line":83,"column":6}},"25":{"start":{"line":79,"column":8},"end":{"line":79,"column":94}},"26":{"start":{"line":81,"column":8},"end":{"line":81,"column":26}},"27":{"start":{"line":82,"column":8},"end":{"line":82,"column":68}},"28":{"start":{"line":86,"column":0},"end":{"line":96,"column":2}},"29":{"start":{"line":88,"column":15},"end":{"line":88,"column":30}},"30":{"start":{"line":90,"column":4},"end":{"line":95,"column":6}},"31":{"start":{"line":91,"column":8},"end":{"line":91,"column":88}},"32":{"start":{"line":93,"column":8},"end":{"line":93,"column":26}},"33":{"start":{"line":94,"column":8},"end":{"line":94,"column":94}},"34":{"start":{"line":100,"column":16},"end":{"line":107,"column":2}},"35":{"start":{"line":102,"column":8},"end":{"line":102,"column":35}},"36":{"start":{"line":105,"column":8},"end":{"line":105,"column":54}},"37":{"start":{"line":109,"column":19},"end":{"line":116,"column":1}},"38":{"start":{"line":110,"column":4},"end":{"line":114,"column":5}},"39":{"start":{"line":111,"column":8},"end":{"line":111,"column":22}},"40":{"start":{"line":113,"column":8},"end":{"line":113,"column":52}},"41":{"start":{"line":118,"column":15},"end":{"line":118,"column":67}},"42":{"start":{"line":120,"column":0},"end":{"line":138,"column":2}},"43":{"start":{"line":121,"column":4},"end":{"line":123,"column":5}},"44":{"start":{"line":122,"column":8},"end":{"line":122,"column":105}},"45":{"start":{"line":125,"column":15},"end":{"line":125,"column":30}},"46":{"start":{"line":127,"column":24},"end":{"line":129,"column":5}},"47":{"start":{"line":131,"column":4},"end":{"line":136,"column":6}},"48":{"start":{"line":132,"column":8},"end":{"line":132,"column":93}},"49":{"start":{"line":134,"column":8},"end":{"line":134,"column":26}},"50":{"start":{"line":135,"column":8},"end":{"line":135,"column":84}},"51":{"start":{"line":140,"column":0},"end":{"line":140,"column":24}}},"fnMap":{"0":{"name":"(anonymous_0)","decl":{"start":{"line":11,"column":23},"end":{"line":11,"column":24}},"loc":{"start":{"line":11,"column":43},"end":{"line":18,"column":1}},"line":11},"1":{"name":"(anonymous_1)","decl":{"start":{"line":13,"column":36},"end":{"line":13,"column":37}},"loc":{"start":{"line":13,"column":49},"end":{"line":15,"column":5}},"line":13},"2":{"name":"(anonymous_2)","decl":{"start":{"line":15,"column":13},"end":{"line":15,"column":14}},"loc":{"start":{"line":15,"column":22},"end":{"line":17,"column":5}},"line":15},"3":{"name":"(anonymous_3)","decl":{"start":{"line":20,"column":29},"end":{"line":20,"column":30}},"loc":{"start":{"line":20,"column":49},"end":{"line":29,"column":1}},"line":20},"4":{"name":"(anonymous_4)","decl":{"start":{"line":24,"column":53},"end":{"line":24,"column":54}},"loc":{"start":{"line":24,"column":66},"end":{"line":26,"column":5}},"line":24},"5":{"name":"(anonymous_5)","decl":{"start":{"line":26,"column":13},"end":{"line":26,"column":14}},"loc":{"start":{"line":26,"column":22},"end":{"line":28,"column":5}},"line":26},"6":{"name":"(anonymous_6)","decl":{"start":{"line":31,"column":24},"end":{"line":31,"column":25}},"loc":{"start":{"line":31,"column":44},"end":{"line":58,"column":1}},"line":31},"7":{"name":"(anonymous_7)","decl":{"start":{"line":60,"column":31},"end":{"line":60,"column":32}},"loc":{"start":{"line":60,"column":45},"end":{"line":84,"column":1}},"line":60},"8":{"name":"(anonymous_8)","decl":{"start":{"line":78,"column":86},"end":{"line":78,"column":87}},"loc":{"start":{"line":78,"column":98},"end":{"line":80,"column":5}},"line":78},"9":{"name":"(anonymous_9)","decl":{"start":{"line":80,"column":13},"end":{"line":80,"column":14}},"loc":{"start":{"line":80,"column":24},"end":{"line":83,"column":5}},"line":80},"10":{"name":"(anonymous_10)","decl":{"start":{"line":86,"column":32},"end":{"line":86,"column":33}},"loc":{"start":{"line":86,"column":46},"end":{"line":96,"column":1}},"line":86},"11":{"name":"(anonymous_11)","decl":{"start":{"line":90,"column":49},"end":{"line":90,"column":50}},"loc":{"start":{"line":90,"column":55},"end":{"line":92,"column":5}},"line":90},"12":{"name":"(anonymous_12)","decl":{"start":{"line":92,"column":13},"end":{"line":92,"column":14}},"loc":{"start":{"line":92,"column":24},"end":{"line":95,"column":5}},"line":92},"13":{"name":"(anonymous_13)","decl":{"start":{"line":101,"column":17},"end":{"line":101,"column":18}},"loc":{"start":{"line":101,"column":42},"end":{"line":103,"column":5}},"line":101},"14":{"name":"(anonymous_14)","decl":{"start":{"line":104,"column":14},"end":{"line":104,"column":15}},"loc":{"start":{"line":104,"column":39},"end":{"line":106,"column":5}},"line":104},"15":{"name":"(anonymous_15)","decl":{"start":{"line":109,"column":19},"end":{"line":109,"column":20}},"loc":{"start":{"line":109,"column":38},"end":{"line":116,"column":1}},"line":109},"16":{"name":"(anonymous_16)","decl":{"start":{"line":120,"column":60},"end":{"line":120,"column":61}},"loc":{"start":{"line":120,"column":74},"end":{"line":138,"column":1}},"line":120},"17":{"name":"(anonymous_17)","decl":{"start":{"line":131,"column":86},"end":{"line":131,"column":87}},"loc":{"start":{"line":131,"column":98},"end":{"line":133,"column":5}},"line":131},"18":{"name":"(anonymous_18)","decl":{"start":{"line":133,"column":13},"end":{"line":133,"column":14}},"loc":{"start":{"line":133,"column":24},"end":{"line":136,"column":5}},"line":133}},"branchMap":{"0":{"loc":{"start":{"line":51,"column":4},"end":{"line":56,"column":5}},"type":"if","locations":[{"start":{"line":51,"column":4},"end":{"line":56,"column":5}},{"start":{"line":54,"column":11},"end":{"line":56,"column":5}}],"line":51},"1":{"loc":{"start":{"line":51,"column":8},"end":{"line":51,"column":67}},"type":"binary-expr","locations":[{"start":{"line":51,"column":8},"end":{"line":51,"column":26}},{"start":{"line":51,"column":30},"end":{"line":51,"column":44}},{"start":{"line":51,"column":48},"end":{"line":51,"column":67}}],"line":51},"2":{"loc":{"start":{"line":110,"column":4},"end":{"line":114,"column":5}},"type":"if","locations":[{"start":{"line":110,"column":4},"end":{"line":114,"column":5}},{"start":{"line":112,"column":11},"end":{"line":114,"column":5}}],"line":110},"3":{"loc":{"start":{"line":121,"column":4},"end":{"line":123,"column":5}},"type":"if","locations":[{"start":{"line":121,"column":4},"end":{"line":123,"column":5}},{"start":{},"end":{}}],"line":121}},"s":{"0":1,"1":1,"2":1,"3":1,"4":1,"5":0,"6":0,"7":0,"8":1,"9":0,"10":0,"11":0,"12":0,"13":1,"14":0,"15":0,"16":0,"17":0,"18":0,"19":0,"20":0,"21":1,"22":0,"23":0,"24":0,"25":0,"26":0,"27":0,"28":1,"29":0,"30":0,"31":0,"32":0,"33":0,"34":1,"35":0,"36":0,"37":1,"38":0,"39":0,"40":0,"41":1,"42":1,"43":0,"44":0,"45":0,"46":0,"47":0,"48":0,"49":0,"50":0,"51":1},"f":{"0":0,"1":0,"2":0,"3":0,"4":0,"5":0,"6":0,"7":0,"8":0,"9":0,"10":0,"11":0,"12":0,"13":0,"14":0,"15":0,"16":0,"17":0,"18":0},"b":{"0":[0,0],"1":[0,0,0],"2":[0,0],"3":[0,0]},"_coverageSchema":"1a1c01bbd47fc00a2c39e90264f33305004495a9","hash":"3a21ea5bc3cf270a105a93c64ae75a0c7c4349a1"}
,"/Users/mendozatovar/Documents/gitHubTatiana/fullstack web/nodejs/talentoTech/routes/MessageRoutes.js": {"path":"/Users/mendozatovar/Documents/gitHubTatiana/fullstack web/nodejs/talentoTech/routes/MessageRoutes.js","statementMap":{"0":{"start":{"line":1,"column":16},"end":{"line":1,"column":34}},"1":{"start":{"line":2,"column":15},"end":{"line":2,"column":31}},"2":{"start":{"line":3,"column":22},"end":{"line":3,"column":50}},"3":{"start":{"line":5,"column":0},"end":{"line":15,"column":2}},"4":{"start":{"line":6,"column":19},"end":{"line":13,"column":10}},"5":{"start":{"line":14,"column":4},"end":{"line":14,"column":22}},"6":{"start":{"line":17,"column":0},"end":{"line":29,"column":2}},"7":{"start":{"line":18,"column":15},"end":{"line":22,"column":6}},"8":{"start":{"line":24,"column":4},"end":{"line":28,"column":6}},"9":{"start":{"line":25,"column":8},"end":{"line":25,"column":24}},"10":{"start":{"line":27,"column":8},"end":{"line":27,"column":63}},"11":{"start":{"line":31,"column":0},"end":{"line":31,"column":24}}},"fnMap":{"0":{"name":"(anonymous_0)","decl":{"start":{"line":5,"column":24},"end":{"line":5,"column":25}},"loc":{"start":{"line":5,"column":44},"end":{"line":15,"column":1}},"line":5},"1":{"name":"(anonymous_1)","decl":{"start":{"line":17,"column":24},"end":{"line":17,"column":25}},"loc":{"start":{"line":17,"column":44},"end":{"line":29,"column":1}},"line":17},"2":{"name":"(anonymous_2)","decl":{"start":{"line":24,"column":21},"end":{"line":24,"column":22}},"loc":{"start":{"line":24,"column":33},"end":{"line":26,"column":5}},"line":24},"3":{"name":"(anonymous_3)","decl":{"start":{"line":26,"column":13},"end":{"line":26,"column":14}},"loc":{"start":{"line":26,"column":22},"end":{"line":28,"column":5}},"line":26}},"branchMap":{},"s":{"0":1,"1":1,"2":1,"3":1,"4":0,"5":0,"6":1,"7":0,"8":0,"9":0,"10":0,"11":1},"f":{"0":0,"1":0,"2":0,"3":0},"b":{},"_coverageSchema":"1a1c01bbd47fc00a2c39e90264f33305004495a9","hash":"594d2a67aa63b3c707efaee275172bbca18366f9"}
,"/Users/mendozatovar/Documents/gitHubTatiana/fullstack web/nodejs/talentoTech/routes/UserRoutes.js": {"path":"/Users/mendozatovar/Documents/gitHubTatiana/fullstack web/nodejs/talentoTech/routes/UserRoutes.js","statementMap":{"0":{"start":{"line":1,"column":16},"end":{"line":1,"column":34}},"1":{"start":{"line":2,"column":15},"end":{"line":2,"column":31}},"2":{"start":{"line":3,"column":15},"end":{"line":3,"column":32}},"3":{"start":{"line":4,"column":19},"end":{"line":4,"column":44}},"4":{"start":{"line":5,"column":23},"end":{"line":5,"column":63}},"5":{"start":{"line":6,"column":23},"end":{"line":6,"column":43}},"6":{"start":{"line":7,"column":15},"end":{"line":7,"column":32}},"7":{"start":{"line":9,"column":0},"end":{"line":13,"column":2}},"8":{"start":{"line":11,"column":16},"end":{"line":11,"column":39}},"9":{"start":{"line":12,"column":4},"end":{"line":12,"column":19}},"10":{"start":{"line":15,"column":0},"end":{"line":24,"column":2}},"11":{"start":{"line":17,"column":13},"end":{"line":17,"column":26}},"12":{"start":{"line":18,"column":15},"end":{"line":18,"column":44}},"13":{"start":{"line":19,"column":4},"end":{"line":19,"column":18}},"14":{"start":{"line":26,"column":0},"end":{"line":52,"column":2}},"15":{"start":{"line":29,"column":4},"end":{"line":51,"column":7}},"16":{"start":{"line":30,"column":8},"end":{"line":50,"column":9}},"17":{"start":{"line":31,"column":12},"end":{"line":31,"column":67}},"18":{"start":{"line":33,"column":23},"end":{"line":39,"column":14}},"19":{"start":{"line":41,"column":12},"end":{"line":49,"column":14}},"20":{"start":{"line":42,"column":16},"end":{"line":42,"column":32}},"21":{"start":{"line":44,"column":16},"end":{"line":48,"column":17}},"22":{"start":{"line":45,"column":20},"end":{"line":45,"column":94}},"23":{"start":{"line":47,"column":20},"end":{"line":47,"column":75}},"24":{"start":{"line":54,"column":0},"end":{"line":73,"column":2}},"25":{"start":{"line":57,"column":13},"end":{"line":57,"column":26}},"26":{"start":{"line":60,"column":21},"end":{"line":65,"column":5}},"27":{"start":{"line":67,"column":4},"end":{"line":72,"column":6}},"28":{"start":{"line":68,"column":8},"end":{"line":68,"column":24}},"29":{"start":{"line":70,"column":8},"end":{"line":70,"column":26}},"30":{"start":{"line":71,"column":8},"end":{"line":71,"column":50}},"31":{"start":{"line":75,"column":0},"end":{"line":103,"column":2}},"32":{"start":{"line":77,"column":13},"end":{"line":77,"column":26}},"33":{"start":{"line":80,"column":4},"end":{"line":85,"column":6}},"34":{"start":{"line":81,"column":8},"end":{"line":81,"column":81}},"35":{"start":{"line":83,"column":8},"end":{"line":83,"column":26}},"36":{"start":{"line":84,"column":8},"end":{"line":84,"column":74}},"37":{"start":{"line":105,"column":0},"end":{"line":116,"column":2}},"38":{"start":{"line":106,"column":18},"end":{"line":106,"column":32}},"39":{"start":{"line":107,"column":21},"end":{"line":107,"column":38}},"40":{"start":{"line":109,"column":4},"end":{"line":115,"column":3}},"41":{"start":{"line":110,"column":8},"end":{"line":114,"column":5}},"42":{"start":{"line":111,"column":8},"end":{"line":111,"column":36}},"43":{"start":{"line":113,"column":8},"end":{"line":113,"column":65}},"44":{"start":{"line":119,"column":16},"end":{"line":126,"column":2}},"45":{"start":{"line":121,"column":8},"end":{"line":121,"column":32}},"46":{"start":{"line":124,"column":8},"end":{"line":124,"column":54}},"47":{"start":{"line":128,"column":19},"end":{"line":135,"column":1}},"48":{"start":{"line":129,"column":4},"end":{"line":133,"column":5}},"49":{"start":{"line":130,"column":8},"end":{"line":130,"column":22}},"50":{"start":{"line":132,"column":8},"end":{"line":132,"column":52}},"51":{"start":{"line":137,"column":15},"end":{"line":137,"column":67}},"52":{"start":{"line":139,"column":0},"end":{"line":157,"column":2}},"53":{"start":{"line":140,"column":4},"end":{"line":142,"column":5}},"54":{"start":{"line":141,"column":8},"end":{"line":141,"column":105}},"55":{"start":{"line":144,"column":13},"end":{"line":144,"column":26}},"56":{"start":{"line":146,"column":21},"end":{"line":148,"column":5}},"57":{"start":{"line":150,"column":4},"end":{"line":155,"column":6}},"58":{"start":{"line":151,"column":8},"end":{"line":151,"column":84}},"59":{"start":{"line":153,"column":8},"end":{"line":153,"column":26}},"60":{"start":{"line":154,"column":8},"end":{"line":154,"column":86}},"61":{"start":{"line":158,"column":0},"end":{"line":158,"column":23}}},"fnMap":{"0":{"name":"(anonymous_0)","decl":{"start":{"line":9,"column":54},"end":{"line":9,"column":55}},"loc":{"start":{"line":9,"column":74},"end":{"line":13,"column":1}},"line":9},"1":{"name":"(anonymous_1)","decl":{"start":{"line":15,"column":24},"end":{"line":15,"column":25}},"loc":{"start":{"line":15,"column":44},"end":{"line":24,"column":1}},"line":15},"2":{"name":"(anonymous_2)","decl":{"start":{"line":26,"column":21},"end":{"line":26,"column":22}},"loc":{"start":{"line":26,"column":41},"end":{"line":52,"column":1}},"line":26},"3":{"name":"(anonymous_3)","decl":{"start":{"line":29,"column":45},"end":{"line":29,"column":46}},"loc":{"start":{"line":29,"column":70},"end":{"line":51,"column":5}},"line":29},"4":{"name":"(anonymous_4)","decl":{"start":{"line":41,"column":29},"end":{"line":41,"column":30}},"loc":{"start":{"line":41,"column":41},"end":{"line":43,"column":13}},"line":41},"5":{"name":"(anonymous_5)","decl":{"start":{"line":43,"column":21},"end":{"line":43,"column":22}},"loc":{"start":{"line":43,"column":30},"end":{"line":49,"column":13}},"line":43},"6":{"name":"(anonymous_6)","decl":{"start":{"line":54,"column":26},"end":{"line":54,"column":27}},"loc":{"start":{"line":54,"column":40},"end":{"line":73,"column":1}},"line":54},"7":{"name":"(anonymous_7)","decl":{"start":{"line":67,"column":69},"end":{"line":67,"column":70}},"loc":{"start":{"line":67,"column":81},"end":{"line":69,"column":5}},"line":67},"8":{"name":"(anonymous_8)","decl":{"start":{"line":69,"column":13},"end":{"line":69,"column":14}},"loc":{"start":{"line":69,"column":24},"end":{"line":72,"column":5}},"line":69},"9":{"name":"(anonymous_9)","decl":{"start":{"line":75,"column":27},"end":{"line":75,"column":28}},"loc":{"start":{"line":75,"column":41},"end":{"line":103,"column":1}},"line":75},"10":{"name":"(anonymous_10)","decl":{"start":{"line":80,"column":43},"end":{"line":80,"column":44}},"loc":{"start":{"line":80,"column":49},"end":{"line":82,"column":5}},"line":80},"11":{"name":"(anonymous_11)","decl":{"start":{"line":82,"column":13},"end":{"line":82,"column":14}},"loc":{"start":{"line":82,"column":24},"end":{"line":85,"column":5}},"line":82},"12":{"name":"(anonymous_12)","decl":{"start":{"line":105,"column":22},"end":{"line":105,"column":23}},"loc":{"start":{"line":105,"column":36},"end":{"line":116,"column":1}},"line":105},"13":{"name":"(anonymous_13)","decl":{"start":{"line":109,"column":47},"end":{"line":109,"column":48}},"loc":{"start":{"line":109,"column":59},"end":{"line":115,"column":1}},"line":109},"14":{"name":"(anonymous_14)","decl":{"start":{"line":120,"column":17},"end":{"line":120,"column":18}},"loc":{"start":{"line":120,"column":42},"end":{"line":122,"column":5}},"line":120},"15":{"name":"(anonymous_15)","decl":{"start":{"line":123,"column":14},"end":{"line":123,"column":15}},"loc":{"start":{"line":123,"column":39},"end":{"line":125,"column":5}},"line":123},"16":{"name":"(anonymous_16)","decl":{"start":{"line":128,"column":19},"end":{"line":128,"column":20}},"loc":{"start":{"line":128,"column":38},"end":{"line":135,"column":1}},"line":128},"17":{"name":"(anonymous_17)","decl":{"start":{"line":139,"column":55},"end":{"line":139,"column":56}},"loc":{"start":{"line":139,"column":69},"end":{"line":157,"column":1}},"line":139},"18":{"name":"(anonymous_18)","decl":{"start":{"line":150,"column":69},"end":{"line":150,"column":70}},"loc":{"start":{"line":150,"column":81},"end":{"line":152,"column":5}},"line":150},"19":{"name":"(anonymous_19)","decl":{"start":{"line":152,"column":13},"end":{"line":152,"column":14}},"loc":{"start":{"line":152,"column":24},"end":{"line":155,"column":5}},"line":152}},"branchMap":{"0":{"loc":{"start":{"line":30,"column":8},"end":{"line":50,"column":9}},"type":"if","locations":[{"start":{"line":30,"column":8},"end":{"line":50,"column":9}},{"start":{"line":32,"column":15},"end":{"line":50,"column":9}}],"line":30},"1":{"loc":{"start":{"line":44,"column":16},"end":{"line":48,"column":17}},"type":"if","locations":[{"start":{"line":44,"column":16},"end":{"line":48,"column":17}},{"start":{"line":46,"column":23},"end":{"line":48,"column":17}}],"line":44},"2":{"loc":{"start":{"line":110,"column":8},"end":{"line":114,"column":5}},"type":"if","locations":[{"start":{"line":110,"column":8},"end":{"line":114,"column":5}},{"start":{"line":112,"column":15},"end":{"line":114,"column":5}}],"line":110},"3":{"loc":{"start":{"line":129,"column":4},"end":{"line":133,"column":5}},"type":"if","locations":[{"start":{"line":129,"column":4},"end":{"line":133,"column":5}},{"start":{"line":131,"column":11},"end":{"line":133,"column":5}}],"line":129},"4":{"loc":{"start":{"line":140,"column":4},"end":{"line":142,"column":5}},"type":"if","locations":[{"start":{"line":140,"column":4},"end":{"line":142,"column":5}},{"start":{},"end":{}}],"line":140}},"s":{"0":1,"1":1,"2":1,"3":1,"4":1,"5":1,"6":1,"7":1,"8":0,"9":0,"10":1,"11":1,"12":1,"13":1,"14":1,"15":1,"16":1,"17":0,"18":1,"19":1,"20":1,"21":0,"22":0,"23":0,"24":1,"25":0,"26":0,"27":0,"28":0,"29":0,"30":0,"31":1,"32":0,"33":0,"34":0,"35":0,"36":0,"37":1,"38":0,"39":0,"40":0,"41":0,"42":0,"43":0,"44":1,"45":0,"46":0,"47":1,"48":0,"49":0,"50":0,"51":1,"52":1,"53":0,"54":0,"55":0,"56":0,"57":0,"58":0,"59":0,"60":0,"61":1},"f":{"0":0,"1":1,"2":1,"3":1,"4":1,"5":0,"6":0,"7":0,"8":0,"9":0,"10":0,"11":0,"12":0,"13":0,"14":0,"15":0,"16":0,"17":0,"18":0,"19":0},"b":{"0":[0,1],"1":[0,0],"2":[0,0],"3":[0,0],"4":[0,0]},"_coverageSchema":"1a1c01bbd47fc00a2c39e90264f33305004495a9","hash":"a17f6baa6a5e2a472006b3ed87d4b5d5e616c589"}
}
